<?xml version="1.0" encoding="UTF-8"?>
<!-- Generated by org.testng.reporters.JUnitXMLReporter -->
<testsuite ignored="0" hostname="DurgaEthiraj" failures="0" tests="3" name="Amazon Test" time="11.83" errors="0" timestamp="2025-03-05T22:40:43 IST">
  <testcase classname="testcases.AmazonTest" name="searchTest" time="8.307"/>
  <testcase classname="testcases.AmazonTest" name="logoTest" time="0.108"/>
  <testcase classname="testcases.AmazonTest" name="pageTitleTest" time="0.015"/>
</testsuite> <!-- Amazon Test -->
