<?xml version="1.0" encoding="UTF-8"?>
<testng-results ignored="0" total="3" passed="3" failed="0" skipped="0">
  <reporter-output>
  </reporter-output>
  <suite started-at="2025-03-05T22:40:32 IST" name="TestNG Regression Suite" finished-at="2025-03-05T22:40:43 IST" duration-ms="11830">
    <groups>
    </groups>
    <test started-at="2025-03-05T22:40:32 IST" name="Amazon Test" finished-at="2025-03-05T22:40:43 IST" duration-ms="11830">
      <class name="testcases.AmazonTest">
        <test-method is-config="true" signature="setup(java.lang.String,java.lang.String)[pri:0, instance:testcases.AmazonTest@3e58a80e]" started-at="2025-03-05T22:40:32 IST" name="setup" finished-at="2025-03-05T22:40:35 IST" duration-ms="3089" status="PASS">
          <params>
            <param index="0">
              <value>
                <![CDATA[https://www.amazon.com]]>
              </value>
            </param>
            <param index="1">
              <value>
                <![CDATA[chrome]]>
              </value>
            </param>
          </params>
          <reporter-output>
          </reporter-output>
        </test-method> <!-- setup -->
        <test-method signature="searchTest()[pri:1, instance:testcases.AmazonTest@3e58a80e]" started-at="2025-03-05T22:40:35 IST" name="searchTest" finished-at="2025-03-05T22:40:43 IST" duration-ms="8307" status="PASS">
          <reporter-output>
          </reporter-output>
        </test-method> <!-- searchTest -->
        <test-method signature="logoTest()[pri:2, instance:testcases.AmazonTest@3e58a80e]" started-at="2025-03-05T22:40:43 IST" name="logoTest" finished-at="2025-03-05T22:40:43 IST" duration-ms="108" status="PASS">
          <reporter-output>
          </reporter-output>
        </test-method> <!-- logoTest -->
        <test-method signature="pageTitleTest()[pri:3, instance:testcases.AmazonTest@3e58a80e]" started-at="2025-03-05T22:40:43 IST" name="pageTitleTest" finished-at="2025-03-05T22:40:43 IST" duration-ms="15" status="PASS">
          <reporter-output>
          </reporter-output>
        </test-method> <!-- pageTitleTest -->
        <test-method is-config="true" signature="tearDown()[pri:0, instance:testcases.AmazonTest@3e58a80e]" started-at="2025-03-05T22:40:43 IST" name="tearDown" finished-at="2025-03-05T22:40:43 IST" duration-ms="250" status="PASS">
          <reporter-output>
          </reporter-output>
        </test-method> <!-- tearDown -->
      </class> <!-- testcases.AmazonTest -->
    </test> <!-- Amazon Test -->
  </suite> <!-- TestNG Regression Suite -->
</testng-results>
