<?xml version="1.0" encoding="UTF-8"?>
<!-- Generated by org.testng.reporters.JUnitReportReporter -->
<testsuite hostname="DurgaEthiraj" failures="0" tests="3" name="testcases.AmazonTest" time="8.430" errors="0" timestamp="2025-03-05T22:40:43 IST" skipped="0">
  <testcase classname="testcases.AmazonTest" name="searchTest" time="8.307"/>
  <system-out/>
  <testcase classname="testcases.AmazonTest" name="logoTest" time="0.108"/>
  <system-out/>
  <testcase classname="testcases.AmazonTest" name="pageTitleTest" time="0.015"/>
  <system-out/>
</testsuite> <!-- testcases.AmazonTest -->
